app/build/intermediates/manifest_merge_blame_file/debug/processDebugMainManifest/manifest-merger-blame-debug-report.txt
1<?xml version="1.0" encoding="utf-8"?>
2<manifest xmlns:android="http://schemas.android.com/apk/res/android"
3    package="com.example.test11mirrorpartnereyes"
4    android:versionCode="1"
5    android:versionName="1.0" >
6
7    <uses-sdk
7-->INJECTED
8        android:minSdkVersion="24"
8-->INJECTED
9        android:targetSdkVersion="35" />
9-->INJECTED
10
11    <!-- Kamera-tillatelse (paakrevd for oeyestyring) -->
12    <uses-permission android:name="android.permission.CAMERA" />
12-->src\main\AndroidManifest.xml:7:5-65
12-->src\main\AndroidManifest.xml:7:22-62
13
14    <!-- Kamera er naa paakrevd (for head pose estimation) -->
15    <uses-feature
15-->src\main\AndroidManifest.xml:10:5-84
16        android:name="android.hardware.camera"
16-->src\main\AndroidManifest.xml:10:19-57
17        android:required="true" />
17-->src\main\AndroidManifest.xml:10:58-81
18    <uses-feature
18-->src\main\AndroidManifest.xml:11:5-90
19        android:name="android.hardware.camera.front"
19-->src\main\AndroidManifest.xml:11:19-63
20        android:required="true" />
20-->src\main\AndroidManifest.xml:11:64-87
21
22    <queries>
22-->[androidx.camera:camera-extensions:1.4.1] AndroidManifest.xml:22:5-26:15
23        <intent>
23-->[androidx.camera:camera-extensions:1.4.1] AndroidManifest.xml:23:9-25:18
24            <action android:name="androidx.camera.extensions.action.VENDOR_ACTION" />
24-->[androidx.camera:camera-extensions:1.4.1] AndroidManifest.xml:24:13-86
24-->[androidx.camera:camera-extensions:1.4.1] AndroidManifest.xml:24:21-83
25        </intent>
26    </queries>
27
28    <permission
28-->[androidx.core:core:1.15.0] AndroidManifest.xml:22:5-24:47
29        android:name="com.example.test11mirrorpartnereyes.DYNAMIC_RECEIVER_NOT_EXPORTED_PERMISSION"
29-->[androidx.core:core:1.15.0] AndroidManifest.xml:23:9-81
30        android:protectionLevel="signature" />
30-->[androidx.core:core:1.15.0] AndroidManifest.xml:24:9-44
31
32    <uses-permission android:name="com.example.test11mirrorpartnereyes.DYNAMIC_RECEIVER_NOT_EXPORTED_PERMISSION" /> <!-- Although the *SdkVersion is captured in gradle build files, this is required for non gradle builds -->
32-->[androidx.core:core:1.15.0] AndroidManifest.xml:26:5-97
32-->[androidx.core:core:1.15.0] AndroidManifest.xml:26:22-94
33    <!-- <uses-sdk android:minSdkVersion="14"/> -->
34    <uses-permission android:name="android.permission.ACCESS_NETWORK_STATE" />
34-->[com.google.android.datatransport:transport-backend-cct:3.1.0] AndroidManifest.xml:25:5-79
34-->[com.google.android.datatransport:transport-backend-cct:3.1.0] AndroidManifest.xml:25:22-76
35    <uses-permission android:name="android.permission.INTERNET" />
35-->[com.google.android.datatransport:transport-backend-cct:3.1.0] AndroidManifest.xml:26:5-67
35-->[com.google.android.datatransport:transport-backend-cct:3.1.0] AndroidManifest.xml:26:22-64
36
37    <application
37-->src\main\AndroidManifest.xml:13:5-40:19
38        android:allowBackup="true"
38-->src\main\AndroidManifest.xml:14:9-35
39        android:appComponentFactory="androidx.core.app.CoreComponentFactory"
39-->[androidx.core:core:1.15.0] AndroidManifest.xml:28:18-86
40        android:dataExtractionRules="@xml/data_extraction_rules"
40-->src\main\AndroidManifest.xml:15:9-65
41        android:debuggable="true"
42        android:extractNativeLibs="false"
42-->INJECTED
43        android:fullBackupContent="@xml/backup_rules"
43-->src\main\AndroidManifest.xml:16:9-54
44        android:icon="@mipmap/ic_launcher"
44-->src\main\AndroidManifest.xml:17:9-43
45        android:label="@string/app_name"
45-->src\main\AndroidManifest.xml:18:9-41
46        android:roundIcon="@mipmap/ic_launcher_round"
46-->src\main\AndroidManifest.xml:19:9-54
47        android:supportsRtl="true"
47-->src\main\AndroidManifest.xml:20:9-35
48        android:testOnly="true"
49        android:theme="@style/Theme.Test11mirrorpartnereyes" >
49-->src\main\AndroidManifest.xml:21:9-61
50
51        <!-- Eyestest1-aktivitet (beholdes fra eksisterende) -->
52        <activity
52-->src\main\AndroidManifest.xml:25:9-27:39
53            android:name="com.example.test11mirrorpartnereyes.Eyestest1"
53-->src\main\AndroidManifest.xml:26:13-38
54            android:exported="true" />
54-->src\main\AndroidManifest.xml:27:13-36
55
56        <!-- MainActivity - Hovedaktivitet med staving + oeyestyring -->
57        <activity
57-->src\main\AndroidManifest.xml:30:9-38:20
58            android:name="com.example.test11mirrorpartnereyes.MainActivity"
58-->src\main\AndroidManifest.xml:31:13-41
59            android:exported="true"
59-->src\main\AndroidManifest.xml:32:13-36
60            android:keepScreenOn="true" >
60-->src\main\AndroidManifest.xml:33:13-40
61            <intent-filter>
61-->src\main\AndroidManifest.xml:34:13-37:29
62                <action android:name="android.intent.action.MAIN" />
62-->src\main\AndroidManifest.xml:35:17-69
62-->src\main\AndroidManifest.xml:35:25-66
63
64                <category android:name="android.intent.category.LAUNCHER" />
64-->src\main\AndroidManifest.xml:36:17-77
64-->src\main\AndroidManifest.xml:36:27-74
65            </intent-filter>
66        </activity>
67
68        <uses-library
68-->[androidx.camera:camera-extensions:1.4.1] AndroidManifest.xml:29:9-31:40
69            android:name="androidx.camera.extensions.impl"
69-->[androidx.camera:camera-extensions:1.4.1] AndroidManifest.xml:30:13-59
70            android:required="false" />
70-->[androidx.camera:camera-extensions:1.4.1] AndroidManifest.xml:31:13-37
71
72        <service
72-->[androidx.camera:camera-camera2:1.4.1] AndroidManifest.xml:24:9-33:19
73            android:name="androidx.camera.core.impl.MetadataHolderService"
73-->[androidx.camera:camera-camera2:1.4.1] AndroidManifest.xml:25:13-75
74            android:enabled="false"
74-->[androidx.camera:camera-camera2:1.4.1] AndroidManifest.xml:26:13-36
75            android:exported="false" >
75-->[androidx.camera:camera-camera2:1.4.1] AndroidManifest.xml:27:13-37
76            <meta-data
76-->[androidx.camera:camera-camera2:1.4.1] AndroidManifest.xml:30:13-32:89
77                android:name="androidx.camera.core.impl.MetadataHolderService.DEFAULT_CONFIG_PROVIDER"
77-->[androidx.camera:camera-camera2:1.4.1] AndroidManifest.xml:31:17-103
78                android:value="androidx.camera.camera2.Camera2Config$DefaultProvider" />
78-->[androidx.camera:camera-camera2:1.4.1] AndroidManifest.xml:32:17-86
79        </service>
80
81        <provider
81-->[androidx.emoji2:emoji2:1.3.0] AndroidManifest.xml:24:9-32:20
82            android:name="androidx.startup.InitializationProvider"
82-->[androidx.emoji2:emoji2:1.3.0] AndroidManifest.xml:25:13-67
83            android:authorities="com.example.test11mirrorpartnereyes.androidx-startup"
83-->[androidx.emoji2:emoji2:1.3.0] AndroidManifest.xml:26:13-68
84            android:exported="false" >
84-->[androidx.emoji2:emoji2:1.3.0] AndroidManifest.xml:27:13-37
85            <meta-data
85-->[androidx.emoji2:emoji2:1.3.0] AndroidManifest.xml:29:13-31:52
86                android:name="androidx.emoji2.text.EmojiCompatInitializer"
86-->[androidx.emoji2:emoji2:1.3.0] AndroidManifest.xml:30:17-75
87                android:value="androidx.startup" />
87-->[androidx.emoji2:emoji2:1.3.0] AndroidManifest.xml:31:17-49
88            <meta-data
88-->[androidx.lifecycle:lifecycle-process:2.6.2] AndroidManifest.xml:29:13-31:52
89                android:name="androidx.lifecycle.ProcessLifecycleInitializer"
89-->[androidx.lifecycle:lifecycle-process:2.6.2] AndroidManifest.xml:30:17-78
90                android:value="androidx.startup" />
90-->[androidx.lifecycle:lifecycle-process:2.6.2] AndroidManifest.xml:31:17-49
91            <meta-data
91-->[androidx.profileinstaller:profileinstaller:1.4.0] AndroidManifest.xml:29:13-31:52
92                android:name="androidx.profileinstaller.ProfileInstallerInitializer"
92-->[androidx.profileinstaller:profileinstaller:1.4.0] AndroidManifest.xml:30:17-85
93                android:value="androidx.startup" />
93-->[androidx.profileinstaller:profileinstaller:1.4.0] AndroidManifest.xml:31:17-49
94        </provider>
95
96        <receiver
96-->[androidx.profileinstaller:profileinstaller:1.4.0] AndroidManifest.xml:34:9-52:20
97            android:name="androidx.profileinstaller.ProfileInstallReceiver"
97-->[androidx.profileinstaller:profileinstaller:1.4.0] AndroidManifest.xml:35:13-76
98            android:directBootAware="false"
98-->[androidx.profileinstaller:profileinstaller:1.4.0] AndroidManifest.xml:36:13-44
99            android:enabled="true"
99-->[androidx.profileinstaller:profileinstaller:1.4.0] AndroidManifest.xml:37:13-35
100            android:exported="true"
100-->[androidx.profileinstaller:profileinstaller:1.4.0] AndroidManifest.xml:38:13-36
101            android:permission="android.permission.DUMP" >
101-->[androidx.profileinstaller:profileinstaller:1.4.0] AndroidManifest.xml:39:13-57
102            <intent-filter>
102-->[androidx.profileinstaller:profileinstaller:1.4.0] AndroidManifest.xml:40:13-42:29
103                <action android:name="androidx.profileinstaller.action.INSTALL_PROFILE" />
103-->[androidx.profileinstaller:profileinstaller:1.4.0] AndroidManifest.xml:41:17-91
103-->[androidx.profileinstaller:profileinstaller:1.4.0] AndroidManifest.xml:41:25-88
104            </intent-filter>
105            <intent-filter>
105-->[androidx.profileinstaller:profileinstaller:1.4.0] AndroidManifest.xml:43:13-45:29
106                <action android:name="androidx.profileinstaller.action.SKIP_FILE" />
106-->[androidx.profileinstaller:profileinstaller:1.4.0] AndroidManifest.xml:44:17-85
106-->[androidx.profileinstaller:profileinstaller:1.4.0] AndroidManifest.xml:44:25-82
107            </intent-filter>
108            <intent-filter>
108-->[androidx.profileinstaller:profileinstaller:1.4.0] AndroidManifest.xml:46:13-48:29
109                <action android:name="androidx.profileinstaller.action.SAVE_PROFILE" />
109-->[androidx.profileinstaller:profileinstaller:1.4.0] AndroidManifest.xml:47:17-88
109-->[androidx.profileinstaller:profileinstaller:1.4.0] AndroidManifest.xml:47:25-85
110            </intent-filter>
111            <intent-filter>
111-->[androidx.profileinstaller:profileinstaller:1.4.0] AndroidManifest.xml:49:13-51:29
112                <action android:name="androidx.profileinstaller.action.BENCHMARK_OPERATION" />
112-->[androidx.profileinstaller:profileinstaller:1.4.0] AndroidManifest.xml:50:17-95
112-->[androidx.profileinstaller:profileinstaller:1.4.0] AndroidManifest.xml:50:25-92
113            </intent-filter>
114        </receiver>
115
116        <service
116-->[com.google.android.datatransport:transport-backend-cct:3.1.0] AndroidManifest.xml:29:9-35:19
117            android:name="com.google.android.datatransport.runtime.backends.TransportBackendDiscovery"
117-->[com.google.android.datatransport:transport-backend-cct:3.1.0] AndroidManifest.xml:30:13-103
118            android:exported="false" >
118-->[com.google.android.datatransport:transport-backend-cct:3.1.0] AndroidManifest.xml:31:13-37
119            <meta-data
119-->[com.google.android.datatransport:transport-backend-cct:3.1.0] AndroidManifest.xml:32:13-34:39
120                android:name="backend:com.google.android.datatransport.cct.CctBackendFactory"
120-->[com.google.android.datatransport:transport-backend-cct:3.1.0] AndroidManifest.xml:33:17-94
121                android:value="cct" />
121-->[com.google.android.datatransport:transport-backend-cct:3.1.0] AndroidManifest.xml:34:17-36
122        </service>
123        <service
123-->[com.google.android.datatransport:transport-runtime:3.1.0] AndroidManifest.xml:26:9-30:19
124            android:name="com.google.android.datatransport.runtime.scheduling.jobscheduling.JobInfoSchedulerService"
124-->[com.google.android.datatransport:transport-runtime:3.1.0] AndroidManifest.xml:27:13-117
125            android:exported="false"
125-->[com.google.android.datatransport:transport-runtime:3.1.0] AndroidManifest.xml:28:13-37
126            android:permission="android.permission.BIND_JOB_SERVICE" >
126-->[com.google.android.datatransport:transport-runtime:3.1.0] AndroidManifest.xml:29:13-69
127        </service>
128
129        <receiver
129-->[com.google.android.datatransport:transport-runtime:3.1.0] AndroidManifest.xml:32:9-34:40
130            android:name="com.google.android.datatransport.runtime.scheduling.jobscheduling.AlarmManagerSchedulerBroadcastReceiver"
130-->[com.google.android.datatransport:transport-runtime:3.1.0] AndroidManifest.xml:33:13-132
131            android:exported="false" />
131-->[com.google.android.datatransport:transport-runtime:3.1.0] AndroidManifest.xml:34:13-37
132    </application>
133
134</manifest>